

============================== 2022-08-19 10:27:56.457181 | 69d61620-cf55-49de-bb8b-2b3de96d856b ==============================
[0m10:27:56.457181 [info ] [MainThread]: Running with dbt=1.2.0
[0m10:27:56.459452 [debug] [MainThread]: running dbt with arguments {'write_json': True, 'use_colors': True, 'printer_width': 80, 'version_check': True, 'partial_parse': True, 'static_parser': True, 'profiles_dir': 'C:\\Users\\rojedz\\.dbt', 'send_anonymous_usage_stats': True, 'event_buffer_size': 100000, 'quiet': False, 'no_print': False, 'project_name': 'demo_dbt', 'skip_profile_setup': False, 'which': 'init', 'indirect_selection': 'eager'}
[0m10:27:56.459452 [debug] [MainThread]: Tracking: tracking
[0m10:27:56.597999 [debug] [MainThread]: Sending event: {'category': 'dbt', 'action': 'invocation', 'label': 'start', 'context': [<snowplow_tracker.self_describing_json.SelfDescribingJson object at 0x00000290BDF03940>, <snowplow_tracker.self_describing_json.SelfDescribingJson object at 0x00000290BDF038E0>, <snowplow_tracker.self_describing_json.SelfDescribingJson object at 0x00000290BDF03A60>]}
[0m10:27:56.607535 [info ] [MainThread]: Creating dbt configuration folder at C:\Users\rojedz\.dbt


============================== 2022-08-19 10:30:39.647426 | 41cc9135-307b-4591-8e29-51fa67c22652 ==============================
[0m10:30:39.647426 [info ] [MainThread]: Running with dbt=1.2.0
[0m10:30:39.650837 [debug] [MainThread]: running dbt with arguments {'write_json': True, 'use_colors': True, 'printer_width': 80, 'version_check': True, 'partial_parse': True, 'static_parser': True, 'profiles_dir': 'C:\\Users\\rojedz\\.dbt', 'send_anonymous_usage_stats': True, 'event_buffer_size': 100000, 'quiet': False, 'no_print': False, 'project_name': 'demo_dbt', 'skip_profile_setup': False, 'which': 'init', 'indirect_selection': 'eager'}
[0m10:30:39.652081 [debug] [MainThread]: Tracking: tracking
[0m10:30:39.788519 [debug] [MainThread]: Sending event: {'category': 'dbt', 'action': 'invocation', 'label': 'start', 'context': [<snowplow_tracker.self_describing_json.SelfDescribingJson object at 0x000002D3175D3940>, <snowplow_tracker.self_describing_json.SelfDescribingJson object at 0x000002D3175D38E0>, <snowplow_tracker.self_describing_json.SelfDescribingJson object at 0x000002D3175D3A60>]}


============================== 2022-08-19 10:34:01.755442 | 19ca6a74-027d-4c2b-b768-2d7218f91daf ==============================
[0m10:34:01.755442 [info ] [MainThread]: Running with dbt=1.2.0
[0m10:34:01.757479 [debug] [MainThread]: running dbt with arguments {'write_json': True, 'use_colors': True, 'printer_width': 80, 'version_check': True, 'partial_parse': True, 'static_parser': True, 'profiles_dir': 'C:\\Users\\rojedz\\.dbt', 'send_anonymous_usage_stats': True, 'event_buffer_size': 100000, 'quiet': False, 'no_print': False, 'project_name': 'demo_dbt', 'skip_profile_setup': False, 'which': 'init', 'indirect_selection': 'eager'}
[0m10:34:01.758480 [debug] [MainThread]: Tracking: tracking
[0m10:34:01.899790 [debug] [MainThread]: Sending event: {'category': 'dbt', 'action': 'invocation', 'label': 'start', 'context': [<snowplow_tracker.self_describing_json.SelfDescribingJson object at 0x000001CC58B93910>, <snowplow_tracker.self_describing_json.SelfDescribingJson object at 0x000001CC58B938B0>, <snowplow_tracker.self_describing_json.SelfDescribingJson object at 0x000001CC58B93A30>]}


============================== 2022-08-19 10:35:45.661925 | 2cc04a3c-f7d7-41c5-afe4-54b19dbc4b2a ==============================
[0m10:35:45.661925 [info ] [MainThread]: Running with dbt=1.2.0
[0m10:35:45.664226 [debug] [MainThread]: running dbt with arguments {'write_json': True, 'use_colors': True, 'printer_width': 80, 'version_check': True, 'partial_parse': True, 'static_parser': True, 'profiles_dir': 'C:\\Users\\rojedz\\.dbt', 'send_anonymous_usage_stats': True, 'event_buffer_size': 100000, 'quiet': False, 'no_print': False, 'project_name': 'demo_dbt', 'skip_profile_setup': False, 'which': 'init', 'indirect_selection': 'eager'}
[0m10:35:45.664226 [debug] [MainThread]: Tracking: tracking
[0m10:35:45.795985 [debug] [MainThread]: Sending event: {'category': 'dbt', 'action': 'invocation', 'label': 'start', 'context': [<snowplow_tracker.self_describing_json.SelfDescribingJson object at 0x000001F41E453970>, <snowplow_tracker.self_describing_json.SelfDescribingJson object at 0x000001F41E453910>, <snowplow_tracker.self_describing_json.SelfDescribingJson object at 0x000001F41E453A90>]}


============================== 2022-08-19 10:41:18.842441 | 6c628215-29cf-4adc-abab-97383fcc1664 ==============================
[0m10:41:18.842441 [info ] [MainThread]: Running with dbt=1.2.0
[0m10:41:18.844228 [debug] [MainThread]: running dbt with arguments {'write_json': True, 'use_colors': True, 'printer_width': 80, 'version_check': True, 'partial_parse': True, 'static_parser': True, 'profiles_dir': 'C:\\Users\\rojedz\\.dbt', 'send_anonymous_usage_stats': True, 'event_buffer_size': 100000, 'quiet': False, 'no_print': False, 'project_name': 'demo_dbt', 'skip_profile_setup': False, 'which': 'init', 'indirect_selection': 'eager'}
[0m10:41:18.845225 [debug] [MainThread]: Tracking: tracking
[0m10:41:18.989575 [debug] [MainThread]: Sending event: {'category': 'dbt', 'action': 'invocation', 'label': 'start', 'context': [<snowplow_tracker.self_describing_json.SelfDescribingJson object at 0x0000019EF375FD90>, <snowplow_tracker.self_describing_json.SelfDescribingJson object at 0x0000019EF375FE80>, <snowplow_tracker.self_describing_json.SelfDescribingJson object at 0x0000019EF375FEB0>]}
[0m10:41:18.995207 [debug] [MainThread]: Starter project path: C:\Users\rojedz\AppData\Local\Programs\Python\Python310\lib\site-packages\dbt\include\starter_project
[0m10:58:14.461449 [info ] [MainThread]: Profile demo_dbt written to C:\Users\rojedz\.dbt\profiles.yml using target's profile_template.yml and your supplied values. Run 'dbt debug' to validate the connection.
[0m10:58:14.463603 [info ] [MainThread]: 
Your new dbt project "demo_dbt" was created!

For more information on how to configure the profiles.yml file,
please consult the dbt documentation here:

  https://docs.getdbt.com/docs/configure-your-profile

One more thing:

Need help? Don't hesitate to reach out to us via GitHub issues or on Slack:

  https://community.getdbt.com/

Happy modeling!

[0m10:58:14.468689 [debug] [MainThread]: Sending event: {'category': 'dbt', 'action': 'invocation', 'label': 'end', 'context': [<snowplow_tracker.self_describing_json.SelfDescribingJson object at 0x0000019EF3703730>, <snowplow_tracker.self_describing_json.SelfDescribingJson object at 0x0000019EF3703760>, <snowplow_tracker.self_describing_json.SelfDescribingJson object at 0x0000019EF3703EB0>]}
